Using pre-set license
Built from '2020.3/release' branch; Version is '2020.3.7f1 (dd97f2c94397) revision 14522354'; Using compiler version '192528614'; Build Type 'Release'
OS: 'Windows 10 Home; OS build 19042.985; Version 2009; 64bit' Language: 'ja' Physical Memory: 32699 MB
BatchMode: 1, IsHumanControllingUs: 0, StartBugReporterOnCrash: 0, Is64bit: 1, IsPro: 0

 COMMAND LINE ARGUMENTS:
C:\Program Files\Unity\Editor\Unity.exe
-adb2
-batchMode
-noUpm
-name
AssetImportWorker1
-projectPath
C:/Users/Admin/Desktop/Unity/ActionLogic
-logFile
Logs/AssetImportWorker1.log
-srvPort
54172
Successfully changed project path to: C:/Users/Admin/Desktop/Unity/ActionLogic
C:/Users/Admin/Desktop/Unity/ActionLogic
Using Asset Import Pipeline V2.
Refreshing native plugins compatible for Editor in 31.62 ms, found 1 plugins.
Preloading 0 native plugins for Editor in 0.00 ms.
Initialize engine version: 2020.3.7f1 (dd97f2c94397)
[Subsystems] Discovering subsystems at path C:/Program Files/Unity/Editor/Data/Resources/UnitySubsystems
[Subsystems] Discovering subsystems at path C:/Users/Admin/Desktop/Unity/ActionLogic/Assets
GfxDevice: creating device client; threaded=0
Direct3D:
    Version:  Direct3D 11.0 [level 11.0]
    Renderer: NVIDIA GeForce GTX 750 Ti (ID=0x1380)
    Vendor:   
    VRAM:     2007 MB
    Driver:   27.21.14.6109
Initialize mono
Mono path[0] = 'C:/Program Files/Unity/Editor/Data/Managed'
Mono path[1] = 'C:/Program Files/Unity/Editor/Data/MonoBleedingEdge/lib/mono/unityjit'
Mono config path = 'C:/Program Files/Unity/Editor/Data/MonoBleedingEdge/etc'
Using monoOptions --debugger-agent=transport=dt_socket,embedding=1,server=y,suspend=n,address=127.0.0.1:56872
Begin MonoManager ReloadAssembly
Registering precompiled unity dll's ...
Register platform support module: C:/Program Files/Unity/Editor/Data/PlaybackEngines/WindowsStandaloneSupport/UnityEditor.WindowsStandalone.Extensions.dll
Registered in 0.001764 seconds.
Native extension for WindowsStandalone target not found
Refreshing native plugins compatible for Editor in 33.29 ms, found 1 plugins.
Preloading 0 native plugins for Editor in 0.00 ms.
Mono: successfully reloaded assembly
- Completed reload, in  0.921 seconds
Platform modules already initialized, skipping
Registering precompiled user dll's ...
Registered in 0.000815 seconds.
Begin MonoManager ReloadAssembly
Native extension for WindowsStandalone target not found
Refreshing native plugins compatible for Editor in 31.84 ms, found 1 plugins.
Preloading 0 native plugins for Editor in 0.00 ms.
Mono: successfully reloaded assembly
- Completed reload, in  0.759 seconds
Platform modules already initialized, skipping
========================================================================
Worker process is ready to serve import requests
Launched and connected shader compiler UnityShaderCompiler.exe after 0.04 seconds
Refreshing native plugins compatible for Editor in 0.36 ms, found 1 plugins.
Preloading 0 native plugins for Editor in 0.00 ms.
Unloading 1850 Unused Serialized files (Serialized files now loaded: 0)
System memory in use before: 88.8 MB.
System memory in use after: 88.7 MB.

Unloading 24 unused Assets to reduce memory usage. Loaded Objects now: 2296.
Total: 1.877600 ms (FindLiveObjects: 0.217300 ms CreateObjectMapping: 0.043300 ms MarkObjects: 1.492600 ms  DeleteObjects: 0.123600 ms)

========================================================================
Received Import Request.
  path: Assets/Animation/Text 1.controller
  artifactKey: Guid(aeed1ef24d589374f865441e6c12e8ba) Importer(815301076,1909f56bfc062723c751e8b465ee728b)
Start importing Assets/Animation/Text 1.controller using Guid(aeed1ef24d589374f865441e6c12e8ba) Importer(815301076,1909f56bfc062723c751e8b465ee728b)  -> (artifact id: '2d962c201885b17216e08ccd77fd1e4a') in 0.026942 seconds
  Import took 0.029878 seconds .

========================================================================
Received Import Request.
  Time since last request: 29.509851 seconds.
  path: Assets/SelectStageAseets
  artifactKey: Guid(75b62da4b30b3a44899bfdaaff0f11ed) Importer(815301076,1909f56bfc062723c751e8b465ee728b)
Start importing Assets/SelectStageAseets using Guid(75b62da4b30b3a44899bfdaaff0f11ed) Importer(815301076,1909f56bfc062723c751e8b465ee728b)  -> (artifact id: '85ac9237244ed69adbaab8e1f2001827') in 0.005450 seconds
  Import took 0.007977 seconds .

========================================================================
Received Prepare
Registering precompiled user dll's ...
Registered in 0.000822 seconds.
Begin MonoManager ReloadAssembly
Native extension for WindowsStandalone target not found
Refreshing native plugins compatible for Editor in 0.37 ms, found 1 plugins.
Preloading 0 native plugins for Editor in 0.00 ms.
Mono: successfully reloaded assembly
- Completed reload, in  0.657 seconds
Platform modules already initialized, skipping
Refreshing native plugins compatible for Editor in 0.36 ms, found 1 plugins.
Preloading 0 native plugins for Editor in 0.00 ms.
Unloading 1830 Unused Serialized files (Serialized files now loaded: 0)
System memory in use before: 87.3 MB.
System memory in use after: 87.2 MB.

Unloading 12 unused Assets to reduce memory usage. Loaded Objects now: 2300.
Total: 1.851400 ms (FindLiveObjects: 0.262700 ms CreateObjectMapping: 0.042200 ms MarkObjects: 1.450300 ms  DeleteObjects: 0.095400 ms)

========================================================================
Received Prepare
Registering precompiled user dll's ...
Registered in 0.000878 seconds.
Begin MonoManager ReloadAssembly
Native extension for WindowsStandalone target not found
Refreshing native plugins compatible for Editor in 0.37 ms, found 1 plugins.
Preloading 0 native plugins for Editor in 0.00 ms.
Mono: successfully reloaded assembly
- Completed reload, in  0.668 seconds
Platform modules already initialized, skipping
Refreshing native plugins compatible for Editor in 0.38 ms, found 1 plugins.
Preloading 0 native plugins for Editor in 0.00 ms.
Unloading 1830 Unused Serialized files (Serialized files now loaded: 0)
System memory in use before: 87.3 MB.
System memory in use after: 87.3 MB.

Unloading 12 unused Assets to reduce memory usage. Loaded Objects now: 2304.
Total: 1.789300 ms (FindLiveObjects: 0.206000 ms CreateObjectMapping: 0.040400 ms MarkObjects: 1.446100 ms  DeleteObjects: 0.095900 ms)

========================================================================
Received Prepare
Registering precompiled user dll's ...
Registered in 0.000758 seconds.
Begin MonoManager ReloadAssembly
Native extension for WindowsStandalone target not found
Refreshing native plugins compatible for Editor in 0.39 ms, found 1 plugins.
Preloading 0 native plugins for Editor in 0.00 ms.
Mono: successfully reloaded assembly
- Completed reload, in  0.646 seconds
Platform modules already initialized, skipping
Refreshing native plugins compatible for Editor in 0.36 ms, found 1 plugins.
Preloading 0 native plugins for Editor in 0.00 ms.
Unloading 1830 Unused Serialized files (Serialized files now loaded: 0)
System memory in use before: 87.3 MB.
System memory in use after: 87.3 MB.

Unloading 12 unused Assets to reduce memory usage. Loaded Objects now: 2308.
Total: 1.785000 ms (FindLiveObjects: 0.197800 ms CreateObjectMapping: 0.046500 ms MarkObjects: 1.440000 ms  DeleteObjects: 0.099900 ms)

========================================================================
Received Prepare
Registering precompiled user dll's ...
Registered in 0.000930 seconds.
Begin MonoManager ReloadAssembly
Native extension for WindowsStandalone target not found
Refreshing native plugins compatible for Editor in 0.41 ms, found 1 plugins.
Preloading 0 native plugins for Editor in 0.00 ms.
Mono: successfully reloaded assembly
- Completed reload, in  0.663 seconds
Platform modules already initialized, skipping
Refreshing native plugins compatible for Editor in 0.40 ms, found 1 plugins.
Preloading 0 native plugins for Editor in 0.00 ms.
Unloading 1830 Unused Serialized files (Serialized files now loaded: 0)
System memory in use before: 87.3 MB.
System memory in use after: 87.3 MB.

Unloading 12 unused Assets to reduce memory usage. Loaded Objects now: 2312.
Total: 1.958900 ms (FindLiveObjects: 0.273000 ms CreateObjectMapping: 0.049000 ms MarkObjects: 1.534900 ms  DeleteObjects: 0.100400 ms)

========================================================================
Received Prepare
Registering precompiled user dll's ...
Registered in 0.000847 seconds.
Begin MonoManager ReloadAssembly
Native extension for WindowsStandalone target not found
Refreshing native plugins compatible for Editor in 0.38 ms, found 1 plugins.
Preloading 0 native plugins for Editor in 0.00 ms.
Mono: successfully reloaded assembly
- Completed reload, in  0.656 seconds
Platform modules already initialized, skipping
Refreshing native plugins compatible for Editor in 0.38 ms, found 1 plugins.
Preloading 0 native plugins for Editor in 0.00 ms.
Unloading 1830 Unused Serialized files (Serialized files now loaded: 0)
System memory in use before: 87.4 MB.
System memory in use after: 87.3 MB.

Unloading 12 unused Assets to reduce memory usage. Loaded Objects now: 2316.
Total: 1.812700 ms (FindLiveObjects: 0.195200 ms CreateObjectMapping: 0.047600 ms MarkObjects: 1.466500 ms  DeleteObjects: 0.102500 ms)

========================================================================
Received Prepare
Registering precompiled user dll's ...
Registered in 0.000766 seconds.
Begin MonoManager ReloadAssembly
Native extension for WindowsStandalone target not found
Refreshing native plugins compatible for Editor in 0.41 ms, found 1 plugins.
Preloading 0 native plugins for Editor in 0.00 ms.
Mono: successfully reloaded assembly
- Completed reload, in  0.737 seconds
Platform modules already initialized, skipping
Refreshing native plugins compatible for Editor in 0.39 ms, found 1 plugins.
Preloading 0 native plugins for Editor in 0.00 ms.
Unloading 1830 Unused Serialized files (Serialized files now loaded: 0)
System memory in use before: 87.4 MB.
System memory in use after: 87.3 MB.

Unloading 12 unused Assets to reduce memory usage. Loaded Objects now: 2320.
Total: 1.978600 ms (FindLiveObjects: 0.224800 ms CreateObjectMapping: 0.046600 ms MarkObjects: 1.598100 ms  DeleteObjects: 0.108200 ms)

========================================================================
Received Prepare
Refreshing native plugins compatible for Editor in 1.50 ms, found 1 plugins.
Preloading 0 native plugins for Editor in 0.00 ms.
Unloading 10 Unused Serialized files (Serialized files now loaded: 0)
System memory in use before: 51.4 MB.
System memory in use after: 51.4 MB.

Unloading 10 unused Assets to reduce memory usage. Loaded Objects now: 2320.
Total: 1.934200 ms (FindLiveObjects: 0.219800 ms CreateObjectMapping: 0.049000 ms MarkObjects: 1.555500 ms  DeleteObjects: 0.109000 ms)

========================================================================
Received Import Request.
  Time since last request: 430.476892 seconds.
  path: Assets/ClearTime.cs
  artifactKey: Guid(37e0b6bd0158bc249b82c11987fe7451) Importer(815301076,1909f56bfc062723c751e8b465ee728b)
Start importing Assets/ClearTime.cs using Guid(37e0b6bd0158bc249b82c11987fe7451) Importer(815301076,1909f56bfc062723c751e8b465ee728b)  -> (artifact id: 'a646c19437eb9f19e808412bf49b1b4b') in 0.009258 seconds
  Import took 0.012098 seconds .

========================================================================
Received Prepare
Registering precompiled user dll's ...
Registered in 0.001026 seconds.
Begin MonoManager ReloadAssembly
Native extension for WindowsStandalone target not found
Refreshing native plugins compatible for Editor in 0.44 ms, found 1 plugins.
Preloading 0 native plugins for Editor in 0.00 ms.
Mono: successfully reloaded assembly
- Completed reload, in  0.654 seconds
Platform modules already initialized, skipping
Refreshing native plugins compatible for Editor in 0.36 ms, found 1 plugins.
Preloading 0 native plugins for Editor in 0.00 ms.
Unloading 1830 Unused Serialized files (Serialized files now loaded: 0)
System memory in use before: 87.4 MB.
System memory in use after: 87.4 MB.

Unloading 12 unused Assets to reduce memory usage. Loaded Objects now: 2324.
Total: 2.249700 ms (FindLiveObjects: 0.212500 ms CreateObjectMapping: 0.046300 ms MarkObjects: 1.873000 ms  DeleteObjects: 0.116600 ms)

========================================================================
Received Import Request.
  Time since last request: 8.828383 seconds.
  path: Assets/ArrowAnim.anim
  artifactKey: Guid(62587d20b33b0ad42aa841e8c36314d0) Importer(815301076,1909f56bfc062723c751e8b465ee728b)
Start importing Assets/ArrowAnim.anim using Guid(62587d20b33b0ad42aa841e8c36314d0) Importer(815301076,1909f56bfc062723c751e8b465ee728b)  -> (artifact id: '082e95ef2497f6c37c6a5f5c3dd2435b') in 0.014777 seconds
  Import took 0.017558 seconds .

========================================================================
Received Import Request.
  Time since last request: 0.202761 seconds.
  path: Assets/DisplayTutorialAnim.anim
  artifactKey: Guid(012059ef6096e0a418f8f6e0a9a44c9c) Importer(815301076,1909f56bfc062723c751e8b465ee728b)
Start importing Assets/DisplayTutorialAnim.anim using Guid(012059ef6096e0a418f8f6e0a9a44c9c) Importer(815301076,1909f56bfc062723c751e8b465ee728b)  -> (artifact id: '80ef5aa005be9d1cbadf5a90433e9fba') in 0.006071 seconds
  Import took 0.008771 seconds .

========================================================================
Received Import Request.
  Time since last request: 38.700326 seconds.
  path: Assets/Stage4.unity
  artifactKey: Guid(64459f97f390451499782fd0793dd838) Importer(815301076,1909f56bfc062723c751e8b465ee728b)
Start importing Assets/Stage4.unity using Guid(64459f97f390451499782fd0793dd838) Importer(815301076,1909f56bfc062723c751e8b465ee728b)  -> (artifact id: 'd8bfc6fbf19074c36bb19862821ddaf1') in 0.009064 seconds
  Import took 0.011661 seconds .

AssetImportWorkerClient::OnTransportError - code=2 error=End of file
