Using pre-set license
Built from '2020.3/release' branch; Version is '2020.3.7f1 (dd97f2c94397) revision 14522354'; Using compiler version '192528614'; Build Type 'Release'
OS: 'Windows 10 Home; OS build 19042.1052; Version 2009; 64bit' Language: 'ja' Physical Memory: 32699 MB
BatchMode: 1, IsHumanControllingUs: 0, StartBugReporterOnCrash: 0, Is64bit: 1, IsPro: 0

 COMMAND LINE ARGUMENTS:
C:\Program Files\Unity\Editor\Unity.exe
-adb2
-batchMode
-noUpm
-name
AssetImportWorker0
-projectPath
C:/Users/Admin/Desktop/Unity/ActionLogic
-logFile
Logs/AssetImportWorker0.log
-srvPort
59780
Successfully changed project path to: C:/Users/Admin/Desktop/Unity/ActionLogic
C:/Users/Admin/Desktop/Unity/ActionLogic
Using Asset Import Pipeline V2.
Refreshing native plugins compatible for Editor in 30.89 ms, found 1 plugins.
Preloading 0 native plugins for Editor in 0.00 ms.
Initialize engine version: 2020.3.7f1 (dd97f2c94397)
[Subsystems] Discovering subsystems at path C:/Program Files/Unity/Editor/Data/Resources/UnitySubsystems
[Subsystems] Discovering subsystems at path C:/Users/Admin/Desktop/Unity/ActionLogic/Assets
GfxDevice: creating device client; threaded=0
Direct3D:
    Version:  Direct3D 11.0 [level 11.0]
    Renderer: NVIDIA GeForce GTX 750 Ti (ID=0x1380)
    Vendor:   
    VRAM:     2007 MB
    Driver:   27.21.14.6109
Initialize mono
Mono path[0] = 'C:/Program Files/Unity/Editor/Data/Managed'
Mono path[1] = 'C:/Program Files/Unity/Editor/Data/MonoBleedingEdge/lib/mono/unityjit'
Mono config path = 'C:/Program Files/Unity/Editor/Data/MonoBleedingEdge/etc'
Using monoOptions --debugger-agent=transport=dt_socket,embedding=1,server=y,suspend=n,address=127.0.0.1:56928
Begin MonoManager ReloadAssembly
Registering precompiled unity dll's ...
Register platform support module: C:/Program Files/Unity/Editor/Data/PlaybackEngines/WindowsStandaloneSupport/UnityEditor.WindowsStandalone.Extensions.dll
Registered in 0.001726 seconds.
Native extension for WindowsStandalone target not found
Refreshing native plugins compatible for Editor in 32.03 ms, found 1 plugins.
Preloading 0 native plugins for Editor in 0.00 ms.
Mono: successfully reloaded assembly
- Completed reload, in  0.824 seconds
Platform modules already initialized, skipping
Registering precompiled user dll's ...
Registered in 0.000704 seconds.
Begin MonoManager ReloadAssembly
Native extension for WindowsStandalone target not found
Refreshing native plugins compatible for Editor in 31.32 ms, found 1 plugins.
Preloading 0 native plugins for Editor in 0.00 ms.
Mono: successfully reloaded assembly
- Completed reload, in  0.725 seconds
Platform modules already initialized, skipping
========================================================================
Worker process is ready to serve import requests
Launched and connected shader compiler UnityShaderCompiler.exe after 0.03 seconds
Refreshing native plugins compatible for Editor in 0.40 ms, found 1 plugins.
Preloading 0 native plugins for Editor in 0.00 ms.
Unloading 1850 Unused Serialized files (Serialized files now loaded: 0)
System memory in use before: 88.8 MB.
System memory in use after: 88.7 MB.

Unloading 24 unused Assets to reduce memory usage. Loaded Objects now: 2296.
Total: 2.051000 ms (FindLiveObjects: 0.236400 ms CreateObjectMapping: 0.049500 ms MarkObjects: 1.640800 ms  DeleteObjects: 0.122700 ms)

========================================================================
Received Import Request.
  path: Assets/Scenes/SelectStageScene.unity
  artifactKey: Guid(1aeade47ceb8bdc42abd0676d22f709a) Importer(815301076,1909f56bfc062723c751e8b465ee728b)
Start importing Assets/Scenes/SelectStageScene.unity using Guid(1aeade47ceb8bdc42abd0676d22f709a) Importer(815301076,1909f56bfc062723c751e8b465ee728b)  -> (artifact id: 'ce68c879a30d62d9b06c0bf337dd631d') in 0.010080 seconds
  Import took 0.012684 seconds .

========================================================================
Received Import Request.
  Time since last request: 0.798285 seconds.
  path: Assets/Scenes/Stage4.unity
  artifactKey: Guid(64459f97f390451499782fd0793dd838) Importer(815301076,1909f56bfc062723c751e8b465ee728b)
Start importing Assets/Scenes/Stage4.unity using Guid(64459f97f390451499782fd0793dd838) Importer(815301076,1909f56bfc062723c751e8b465ee728b)  -> (artifact id: '44d8d0903606dd4812e89c690a1c2dbf') in 0.006687 seconds
  Import took 0.009945 seconds .

AssetImportWorkerClient::OnTransportError - code=2 error=End of file
